00:43:01.168 [main] INFO  - [Utils] MethodGroupsHelper.collectMethodsByGroup() took 0 ms.
00:43:01.174 [main] INFO  - [Utils] MethodGroupsHelper.sortMethods() took 0 ms.
00:43:01.175 [main] INFO  - [Utils] MethodGroupsHelper.collectMethodsByGroup() took 0 ms.
00:43:01.175 [main] INFO  - [Utils] MethodGroupsHelper.sortMethods() took 0 ms.
00:43:01.176 [main] INFO  - [Utils] MethodGroupsHelper.collectMethodsByGroup() took 0 ms.
00:43:01.176 [main] INFO  - [Utils] MethodGroupsHelper.sortMethods() took 0 ms.
00:43:01.176 [main] INFO  - [Utils] MethodGroupsHelper.collectMethodsByGroup() took 0 ms.
00:43:01.176 [main] INFO  - [Utils] MethodGroupsHelper.sortMethods() took 0 ms.
00:43:01.177 [main] INFO  - [Utils] MethodGroupsHelper.collectMethodsByGroup() took 0 ms.
00:43:01.177 [main] INFO  - [Utils] MethodGroupsHelper.sortMethods() took 0 ms.
00:43:01.177 [main] INFO  - [Utils] MethodGroupsHelper.collectMethodsByGroup() took 0 ms.
00:43:01.177 [main] INFO  - [Utils] MethodGroupsHelper.sortMethods() took 0 ms.
00:43:01.177 [main] INFO  - [Utils] MethodGroupsHelper.collectMethodsByGroup() took 0 ms.
00:43:01.177 [main] INFO  - [Utils] MethodGroupsHelper.sortMethods() took 0 ms.
00:43:01.178 [main] INFO  - [Utils] MethodGroupsHelper.collectMethodsByGroup() took 0 ms.
00:43:01.178 [main] INFO  - [Utils] MethodGroupsHelper.sortMethods() took 0 ms.
00:43:01.180 [main] INFO  - [Utils] MethodGroupsHelper.collectMethodsByGroup() took 0 ms.
00:43:01.180 [main] INFO  - [Utils] MethodGroupsHelper.sortMethods() took 0 ms.
00:43:01.180 [main] INFO  - [Utils] MethodGroupsHelper.collectMethodsByGroup() took 0 ms.
00:43:01.180 [main] INFO  - [Utils] MethodGroupsHelper.sortMethods() took 0 ms.
00:43:01.182 [main] INFO  - [Utils] MethodGroupsHelper.collectMethodsByGroup() took 0 ms.
00:43:01.182 [main] INFO  - [Utils] MethodGroupsHelper.sortMethods() took 0 ms.
00:43:01.182 [main] INFO  - [Utils] MethodGroupsHelper.collectMethodsByGroup() took 0 ms.
00:43:01.182 [main] INFO  - [Utils] MethodGroupsHelper.sortMethods() took 0 ms.
00:43:01.199 [main] INFO  - [Utils] MethodGroupsHelper.collectMethodsByGroup() took 16 ms.
00:43:01.205 [main] INFO  - [Utils] MethodGroupsHelper.sortMethods() took 5 ms.
00:43:01.206 [main] INFO  - [Utils] MethodGroupsHelper.collectMethodsByGroup() took 0 ms.
00:43:01.206 [main] INFO  - [Utils] MethodGroupsHelper.sortMethods() took 0 ms.
00:43:01.206 [main] INFO  - [Utils] MethodGroupsHelper.collectMethodsByGroup() took 0 ms.
00:43:01.206 [main] INFO  - [Utils] MethodGroupsHelper.sortMethods() took 0 ms.
00:43:01.215 [main] INFO  - [TestNG] Running:
  C:\Users\Admin\AppData\Local\Temp\testng-eclipse-870971729\testng-customsuite.xml

00:43:01.234 [main] INFO  - [Utils] DynamicGraphHelper.createDynamicGraph() took 3 ms.
00:43:02.639 [main] INFO  - [TestNG] Time taken by org.testng.internal.ExitCodeListener@7d17ee50: 0 ms
00:43:02.669 [main] INFO  - [TestNG] Time taken by org.testng.reporters.SuiteHTMLReporter@6e03db1f: 30 ms
00:43:02.789 [main] INFO  - [TestNG] Time taken by org.testng.reporters.jq.Main@428bdd72: 120 ms
00:43:02.790 [main] INFO  - [TestNG] Time taken by org.testng.reporters.FailedReporter@650c405c: 1 ms
00:43:02.796 [main] INFO  - [TestNG] Time taken by org.testng.reporters.XMLReporter@d902300: 6 ms
00:43:02.802 [main] INFO  - [TestNG] Time taken by org.testng.reporters.EmailableReporter2@71ed560f: 4 ms
00:43:02.808 [main] INFO  - [TestNG] Time taken by org.testng.reporters.JUnitReportReporter@315105f: 6 ms
